This is pdfTeX, Version 3.14159265-2.6-1.40.16 (TeX Live 2015/Debian) (preloaded format=pdflatex 2018.2.5)  20 APR 2018 02:43
entering extended mode
 restricted \write18 enabled.
 %&-line parsing enabled.
**plantilla.tex
(./plantilla.tex
LaTeX2e <2016/02/01>
Babel <3.9q> and hyphenation patterns for 8 language(s) loaded.
(/usr/share/texlive/texmf-dist/tex/latex/base/article.cls
Document Class: article 2014/09/29 v1.4h Standard LaTeX document class
(/usr/share/texlive/texmf-dist/tex/latex/base/size10.clo
File: size10.clo 2014/09/29 v1.4h Standard LaTeX file (size option)
)
\c@part=\count79
\c@section=\count80
\c@subsection=\count81
\c@subsubsection=\count82
\c@paragraph=\count83
\c@subparagraph=\count84
\c@figure=\count85
\c@table=\count86
\abovecaptionskip=\skip41
\belowcaptionskip=\skip42
\bibindent=\dimen102
)
(/usr/share/texlive/texmf-dist/tex/latex/base/inputenc.sty
Package: inputenc 2015/03/17 v1.2c Input encoding file
\inpenc@prehook=\toks14
\inpenc@posthook=\toks15

(/usr/share/texlive/texmf-dist/tex/latex/base/latin1.def
File: latin1.def 2015/03/17 v1.2c Input encoding file
))
(/usr/share/texlive/texmf-dist/tex/latex/base/fontenc.sty
Package: fontenc 2005/09/27 v1.99g Standard LaTeX package

(/usr/share/texlive/texmf-dist/tex/latex/base/t1enc.def
File: t1enc.def 2005/09/27 v1.99g Standard LaTeX file
LaTeX Font Info:    Redeclaring font encoding T1 on input line 48.
))
(/usr/share/texlive/texmf-dist/tex/generic/babel/babel.sty
Package: babel 2016/02/24 3.9q The Babel package

(/usr/share/texlive/texmf-dist/tex/generic/babel-spanish/spanish.ldf
Language: spanish.ldf 2016/01/15 v5.0o Spanish support from the babel system

(/usr/share/texlive/texmf-dist/tex/generic/babel/babel.def
File: babel.def 2016/02/24 3.9q Babel common definitions
\babel@savecnt=\count87
\U@D=\dimen103
)
\es@quottoks=\toks16
\es@quotdepth=\count88
Package babel Info: Making " an active character on input line 533.
Package babel Info: Making . an active character on input line 634.
Package babel Info: Making < an active character on input line 679.
Package babel Info: Making > an active character on input line 679.
))
(/usr/share/texlive/texmf-dist/tex/latex/a4wide/a4wide.sty
Package: a4wide 1994/08/30

(/usr/share/texlive/texmf-dist/tex/latex/ntgclass/a4.sty
Package: a4 2004/04/15 v1.2g A4 based page layout
))
(/usr/share/texlive/texmf-dist/tex/latex/amsmath/amsmath.sty
Package: amsmath 2016/03/03 v2.15a AMS math features
\@mathmargin=\skip43

For additional information on amsmath, use the `?' option.
(/usr/share/texlive/texmf-dist/tex/latex/amsmath/amstext.sty
Package: amstext 2000/06/29 v2.01 AMS text

(/usr/share/texlive/texmf-dist/tex/latex/amsmath/amsgen.sty
File: amsgen.sty 1999/11/30 v2.0 generic functions
\@emptytoks=\toks17
\ex@=\dimen104
))
(/usr/share/texlive/texmf-dist/tex/latex/amsmath/amsbsy.sty
Package: amsbsy 1999/11/29 v1.2d Bold Symbols
\pmbraise@=\dimen105
)
(/usr/share/texlive/texmf-dist/tex/latex/amsmath/amsopn.sty
Package: amsopn 1999/12/14 v2.01 operator names
)
\inf@bad=\count89
LaTeX Info: Redefining \frac on input line 199.
\uproot@=\count90
\leftroot@=\count91
LaTeX Info: Redefining \overline on input line 297.
\classnum@=\count92
\DOTSCASE@=\count93
LaTeX Info: Redefining \ldots on input line 394.
LaTeX Info: Redefining \dots on input line 397.
LaTeX Info: Redefining \cdots on input line 518.
\Mathstrutbox@=\box26
\strutbox@=\box27
\big@size=\dimen106
LaTeX Font Info:    Redeclaring font encoding OML on input line 630.
LaTeX Font Info:    Redeclaring font encoding OMS on input line 631.
\macc@depth=\count94
\c@MaxMatrixCols=\count95
\dotsspace@=\muskip10
\c@parentequation=\count96
\dspbrk@lvl=\count97
\tag@help=\toks18
\row@=\count98
\column@=\count99
\maxfields@=\count100
\andhelp@=\toks19
\eqnshift@=\dimen107
\alignsep@=\dimen108
\tagshift@=\dimen109
\tagwidth@=\dimen110
\totwidth@=\dimen111
\lineht@=\dimen112
\@envbody=\toks20
\multlinegap=\skip44
\multlinetaggap=\skip45
\mathdisplay@stack=\toks21
LaTeX Info: Redefining \[ on input line 2735.
LaTeX Info: Redefining \] on input line 2736.
)
(/usr/share/texlive/texmf-dist/tex/latex/amsfonts/amssymb.sty
Package: amssymb 2013/01/14 v3.01 AMS font symbols

(/usr/share/texlive/texmf-dist/tex/latex/amsfonts/amsfonts.sty
Package: amsfonts 2013/01/14 v3.01 Basic AMSFonts support
\symAMSa=\mathgroup4
\symAMSb=\mathgroup5
LaTeX Font Info:    Overwriting math alphabet `\mathfrak' in version `bold'
(Font)                  U/euf/m/n --> U/euf/b/n on input line 106.
))
(/usr/share/texlive/texmf-dist/tex/latex/base/textcomp.sty
Package: textcomp 2005/09/27 v1.99g Standard LaTeX package
Package textcomp Info: Sub-encoding information:
(textcomp)               5 = only ISO-Adobe without \textcurrency
(textcomp)               4 = 5 + \texteuro
(textcomp)               3 = 4 + \textohm
(textcomp)               2 = 3 + \textestimated + \textcurrency
(textcomp)               1 = TS1 - \textcircled - \t
(textcomp)               0 = TS1 (full)
(textcomp)             Font families with sub-encoding setting implement
(textcomp)             only a restricted character set as indicated.
(textcomp)             Family '?' is the default used for unknown fonts.
(textcomp)             See the documentation for details.
Package textcomp Info: Setting ? sub-encoding to TS1/1 on input line 79.

(/usr/share/texlive/texmf-dist/tex/latex/base/ts1enc.def
File: ts1enc.def 2001/06/05 v3.0e (jk/car/fm) Standard LaTeX file
)
LaTeX Info: Redefining \oldstylenums on input line 334.
Package textcomp Info: Setting cmr sub-encoding to TS1/0 on input line 349.
Package textcomp Info: Setting cmss sub-encoding to TS1/0 on input line 350.
Package textcomp Info: Setting cmtt sub-encoding to TS1/0 on input line 351.
Package textcomp Info: Setting cmvtt sub-encoding to TS1/0 on input line 352.
Package textcomp Info: Setting cmbr sub-encoding to TS1/0 on input line 353.
Package textcomp Info: Setting cmtl sub-encoding to TS1/0 on input line 354.
Package textcomp Info: Setting ccr sub-encoding to TS1/0 on input line 355.
Package textcomp Info: Setting ptm sub-encoding to TS1/4 on input line 356.
Package textcomp Info: Setting pcr sub-encoding to TS1/4 on input line 357.
Package textcomp Info: Setting phv sub-encoding to TS1/4 on input line 358.
Package textcomp Info: Setting ppl sub-encoding to TS1/3 on input line 359.
Package textcomp Info: Setting pag sub-encoding to TS1/4 on input line 360.
Package textcomp Info: Setting pbk sub-encoding to TS1/4 on input line 361.
Package textcomp Info: Setting pnc sub-encoding to TS1/4 on input line 362.
Package textcomp Info: Setting pzc sub-encoding to TS1/4 on input line 363.
Package textcomp Info: Setting bch sub-encoding to TS1/4 on input line 364.
Package textcomp Info: Setting put sub-encoding to TS1/5 on input line 365.
Package textcomp Info: Setting uag sub-encoding to TS1/5 on input line 366.
Package textcomp Info: Setting ugq sub-encoding to TS1/5 on input line 367.
Package textcomp Info: Setting ul8 sub-encoding to TS1/4 on input line 368.
Package textcomp Info: Setting ul9 sub-encoding to TS1/4 on input line 369.
Package textcomp Info: Setting augie sub-encoding to TS1/5 on input line 370.
Package textcomp Info: Setting dayrom sub-encoding to TS1/3 on input line 371.
Package textcomp Info: Setting dayroms sub-encoding to TS1/3 on input line 372.

Package textcomp Info: Setting pxr sub-encoding to TS1/0 on input line 373.
Package textcomp Info: Setting pxss sub-encoding to TS1/0 on input line 374.
Package textcomp Info: Setting pxtt sub-encoding to TS1/0 on input line 375.
Package textcomp Info: Setting txr sub-encoding to TS1/0 on input line 376.
Package textcomp Info: Setting txss sub-encoding to TS1/0 on input line 377.
Package textcomp Info: Setting txtt sub-encoding to TS1/0 on input line 378.
Package textcomp Info: Setting lmr sub-encoding to TS1/0 on input line 379.
Package textcomp Info: Setting lmdh sub-encoding to TS1/0 on input line 380.
Package textcomp Info: Setting lmss sub-encoding to TS1/0 on input line 381.
Package textcomp Info: Setting lmssq sub-encoding to TS1/0 on input line 382.
Package textcomp Info: Setting lmvtt sub-encoding to TS1/0 on input line 383.
Package textcomp Info: Setting lmtt sub-encoding to TS1/0 on input line 384.
Package textcomp Info: Setting qhv sub-encoding to TS1/0 on input line 385.
Package textcomp Info: Setting qag sub-encoding to TS1/0 on input line 386.
Package textcomp Info: Setting qbk sub-encoding to TS1/0 on input line 387.
Package textcomp Info: Setting qcr sub-encoding to TS1/0 on input line 388.
Package textcomp Info: Setting qcs sub-encoding to TS1/0 on input line 389.
Package textcomp Info: Setting qpl sub-encoding to TS1/0 on input line 390.
Package textcomp Info: Setting qtm sub-encoding to TS1/0 on input line 391.
Package textcomp Info: Setting qzc sub-encoding to TS1/0 on input line 392.
Package textcomp Info: Setting qhvc sub-encoding to TS1/0 on input line 393.
Package textcomp Info: Setting futs sub-encoding to TS1/4 on input line 394.
Package textcomp Info: Setting futx sub-encoding to TS1/4 on input line 395.
Package textcomp Info: Setting futj sub-encoding to TS1/4 on input line 396.
Package textcomp Info: Setting hlh sub-encoding to TS1/3 on input line 397.
Package textcomp Info: Setting hls sub-encoding to TS1/3 on input line 398.
Package textcomp Info: Setting hlst sub-encoding to TS1/3 on input line 399.
Package textcomp Info: Setting hlct sub-encoding to TS1/5 on input line 400.
Package textcomp Info: Setting hlx sub-encoding to TS1/5 on input line 401.
Package textcomp Info: Setting hlce sub-encoding to TS1/5 on input line 402.
Package textcomp Info: Setting hlcn sub-encoding to TS1/5 on input line 403.
Package textcomp Info: Setting hlcw sub-encoding to TS1/5 on input line 404.
Package textcomp Info: Setting hlcf sub-encoding to TS1/5 on input line 405.
Package textcomp Info: Setting pplx sub-encoding to TS1/3 on input line 406.
Package textcomp Info: Setting pplj sub-encoding to TS1/3 on input line 407.
Package textcomp Info: Setting ptmx sub-encoding to TS1/4 on input line 408.
Package textcomp Info: Setting ptmj sub-encoding to TS1/4 on input line 409.
)
(/usr/share/texlive/texmf-dist/tex/latex/graphics/color.sty
Package: color 2016/01/03 v1.1b Standard LaTeX Color (DPC)

(/usr/share/texlive/texmf-dist/tex/latex/latexconfig/color.cfg
File: color.cfg 2007/01/18 v1.5 color configuration of teTeX/TeXLive
)
Package color Info: Driver file: pdftex.def on input line 143.

(/usr/share/texlive/texmf-dist/tex/latex/pdftex-def/pdftex.def
File: pdftex.def 2011/05/27 v0.06d Graphics/color for pdfTeX

(/usr/share/texlive/texmf-dist/tex/generic/oberdiek/infwarerr.sty
Package: infwarerr 2010/04/08 v1.3 Providing info/warning/error messages (HO)
)
(/usr/share/texlive/texmf-dist/tex/generic/oberdiek/ltxcmds.sty
Package: ltxcmds 2011/11/09 v1.22 LaTeX kernel commands for general use (HO)
)
\Gread@gobject=\count101
))
(/usr/share/texlive/texmf-dist/tex/latex/tools/array.sty
Package: array 2014/10/28 v2.4c Tabular extension package (FMi)
\col@sep=\dimen113
\extrarowheight=\dimen114
\NC@list=\toks22
\extratabsurround=\skip46
\backup@length=\skip47
)
(/usr/share/texlive/texmf-dist/tex/latex/supertabular/supertabular.sty
Package: supertabular 2004/02/20 v4.1e the supertabular environment
\c@tracingst=\count102
\ST@wd=\dimen115
\ST@rightskip=\skip48
\ST@leftskip=\skip49
\ST@parfillskip=\skip50
\ST@pageleft=\dimen116
\ST@headht=\dimen117
\ST@tailht=\dimen118
\ST@pagesofar=\dimen119
\ST@pboxht=\dimen120
\ST@lineht=\dimen121
\ST@stretchht=\dimen122
\ST@prevht=\dimen123
\ST@toadd=\dimen124
\ST@dimen=\dimen125
\ST@pbox=\box28
)
(/usr/share/texlive/texmf-dist/tex/latex/tools/hhline.sty
Package: hhline 2014/10/28 v2.03 Table rule package (DPC)
)
(/usr/share/texlive/texmf-dist/tex/latex/hyperref/hyperref.sty
Package: hyperref 2012/11/06 v6.83m Hypertext links for LaTeX

(/usr/share/texlive/texmf-dist/tex/generic/oberdiek/hobsub-hyperref.sty
Package: hobsub-hyperref 2012/05/28 v1.13 Bundle oberdiek, subset hyperref (HO)


(/usr/share/texlive/texmf-dist/tex/generic/oberdiek/hobsub-generic.sty
Package: hobsub-generic 2012/05/28 v1.13 Bundle oberdiek, subset generic (HO)
Package: hobsub 2012/05/28 v1.13 Construct package bundles (HO)
Package hobsub Info: Skipping package `infwarerr' (already loaded).
Package hobsub Info: Skipping package `ltxcmds' (already loaded).
Package: ifluatex 2010/03/01 v1.3 Provides the ifluatex switch (HO)
Package ifluatex Info: LuaTeX not detected.
Package: ifvtex 2010/03/01 v1.5 Detect VTeX and its facilities (HO)
Package ifvtex Info: VTeX not detected.
Package: intcalc 2007/09/27 v1.1 Expandable calculations with integers (HO)
Package: ifpdf 2011/01/30 v2.3 Provides the ifpdf switch (HO)
Package ifpdf Info: pdfTeX in PDF mode is detected.
Package: etexcmds 2011/02/16 v1.5 Avoid name clashes with e-TeX commands (HO)
Package etexcmds Info: Could not find \expanded.
(etexcmds)             That can mean that you are not using pdfTeX 1.50 or
(etexcmds)             that some package has redefined \expanded.
(etexcmds)             In the latter case, load this package earlier.
Package: kvsetkeys 2012/04/25 v1.16 Key value parser (HO)
Package: kvdefinekeys 2011/04/07 v1.3 Define keys (HO)
Package: pdftexcmds 2011/11/29 v0.20 Utility functions of pdfTeX for LuaTeX (HO
)
Package pdftexcmds Info: LuaTeX not detected.
Package pdftexcmds Info: \pdf@primitive is available.
Package pdftexcmds Info: \pdf@ifprimitive is available.
Package pdftexcmds Info: \pdfdraftmode found.
Package: pdfescape 2011/11/25 v1.13 Implements pdfTeX's escape features (HO)
Package: bigintcalc 2012/04/08 v1.3 Expandable calculations on big integers (HO
)
Package: bitset 2011/01/30 v1.1 Handle bit-vector datatype (HO)
Package: uniquecounter 2011/01/30 v1.2 Provide unlimited unique counter (HO)
)
Package hobsub Info: Skipping package `hobsub' (already loaded).
Package: letltxmacro 2010/09/02 v1.4 Let assignment for LaTeX macros (HO)
Package: hopatch 2012/05/28 v1.2 Wrapper for package hooks (HO)
Package: xcolor-patch 2011/01/30 xcolor patch
Package: atveryend 2011/06/30 v1.8 Hooks at the very end of document (HO)
Package atveryend Info: \enddocument detected (standard20110627).
Package: atbegshi 2011/10/05 v1.16 At begin shipout hook (HO)
Package: refcount 2011/10/16 v3.4 Data extraction from label references (HO)
Package: hycolor 2011/01/30 v1.7 Color options for hyperref/bookmark (HO)
)
(/usr/share/texlive/texmf-dist/tex/latex/graphics/keyval.sty
Package: keyval 2014/10/28 v1.15 key=value parser (DPC)
\KV@toks@=\toks23
)
(/usr/share/texlive/texmf-dist/tex/generic/ifxetex/ifxetex.sty
Package: ifxetex 2010/09/12 v0.6 Provides ifxetex conditional
)
(/usr/share/texlive/texmf-dist/tex/latex/oberdiek/auxhook.sty
Package: auxhook 2011/03/04 v1.3 Hooks for auxiliary files (HO)
)
(/usr/share/texlive/texmf-dist/tex/latex/oberdiek/kvoptions.sty
Package: kvoptions 2011/06/30 v3.11 Key value format for package options (HO)
)
\@linkdim=\dimen126
\Hy@linkcounter=\count103
\Hy@pagecounter=\count104

(/usr/share/texlive/texmf-dist/tex/latex/hyperref/pd1enc.def
File: pd1enc.def 2012/11/06 v6.83m Hyperref: PDFDocEncoding definition (HO)
)
\Hy@SavedSpaceFactor=\count105

(/usr/share/texlive/texmf-dist/tex/latex/latexconfig/hyperref.cfg
File: hyperref.cfg 2002/06/06 v1.2 hyperref configuration of TeXLive
)
Package hyperref Info: Hyper figures OFF on input line 4443.
Package hyperref Info: Link nesting OFF on input line 4448.
Package hyperref Info: Hyper index ON on input line 4451.
Package hyperref Info: Plain pages OFF on input line 4458.
Package hyperref Info: Backreferencing OFF on input line 4463.
Package hyperref Info: Implicit mode ON; LaTeX internals redefined.
Package hyperref Info: Bookmarks ON on input line 4688.
\c@Hy@tempcnt=\count106

(/usr/share/texlive/texmf-dist/tex/latex/url/url.sty
\Urlmuskip=\muskip11
Package: url 2013/09/16  ver 3.4  Verb mode for urls, etc.
)
LaTeX Info: Redefining \url on input line 5041.
\XeTeXLinkMargin=\dimen127
\Fld@menulength=\count107
\Field@Width=\dimen128
\Fld@charsize=\dimen129
Package hyperref Info: Hyper figures OFF on input line 6295.
Package hyperref Info: Link nesting OFF on input line 6300.
Package hyperref Info: Hyper index ON on input line 6303.
Package hyperref Info: backreferencing OFF on input line 6310.
Package hyperref Info: Link coloring OFF on input line 6315.
Package hyperref Info: Link coloring with OCG OFF on input line 6320.
Package hyperref Info: PDF/A mode OFF on input line 6325.
LaTeX Info: Redefining \ref on input line 6365.
LaTeX Info: Redefining \pageref on input line 6369.
\Hy@abspage=\count108
\c@Item=\count109
\c@Hfootnote=\count110
)

Package hyperref Message: Driver (autodetected): hpdftex.

(/usr/share/texlive/texmf-dist/tex/latex/hyperref/hpdftex.def
File: hpdftex.def 2012/11/06 v6.83m Hyperref driver for pdfTeX
\Fld@listcount=\count111
\c@bookmark@seq@number=\count112

(/usr/share/texlive/texmf-dist/tex/latex/oberdiek/rerunfilecheck.sty
Package: rerunfilecheck 2011/04/15 v1.7 Rerun checks for auxiliary files (HO)
Package uniquecounter Info: New unique counter `rerunfilecheck' on input line 2
82.
)
\Hy@SectionHShift=\skip51
)
(/usr/share/texlive/texmf-dist/tex/latex/fancyhdr/fancyhdr.sty
\fancy@headwidth=\skip52
\f@ncyO@elh=\skip53
\f@ncyO@erh=\skip54
\f@ncyO@olh=\skip55
\f@ncyO@orh=\skip56
\f@ncyO@elf=\skip57
\f@ncyO@erf=\skip58
\f@ncyO@olf=\skip59
\f@ncyO@orf=\skip60
)
(/usr/share/texlive/texmf-dist/tex/latex/xcolor/xcolor.sty
Package: xcolor 2007/01/21 v2.11 LaTeX color extensions (UK)

(/usr/share/texlive/texmf-dist/tex/latex/latexconfig/color.cfg
File: color.cfg 2007/01/18 v1.5 color configuration of teTeX/TeXLive
)
Package xcolor Info: Driver file: pdftex.def on input line 225.

(/usr/share/texlive/texmf-dist/tex/latex/colortbl/colortbl.sty
Package: colortbl 2012/02/13 v1.0a Color table columns (DPC)
\everycr=\toks24
\minrowclearance=\skip61
)
LaTeX Info: Redefining \color on input line 702.
\rownum=\count113
Package xcolor Info: Model `cmy' substituted by `cmy0' on input line 1337.
Package xcolor Info: Model `hsb' substituted by `rgb' on input line 1341.
Package xcolor Info: Model `RGB' extended on input line 1353.
Package xcolor Info: Model `HTML' substituted by `rgb' on input line 1355.
Package xcolor Info: Model `Hsb' substituted by `hsb' on input line 1356.
Package xcolor Info: Model `tHsb' substituted by `hsb' on input line 1357.
Package xcolor Info: Model `HSB' substituted by `hsb' on input line 1358.
Package xcolor Info: Model `Gray' substituted by `gray' on input line 1359.
Package xcolor Info: Model `wave' substituted by `hsb' on input line 1360.
)
(/usr/share/texlive/texmf-dist/tex/latex/tools/tabularx.sty
Package: tabularx 2014/10/28 v2.10 `tabularx' package (DPC)
\TX@col@width=\dimen130
\TX@old@table=\dimen131
\TX@old@col=\dimen132
\TX@target=\dimen133
\TX@delta=\dimen134
\TX@cols=\count114
\TX@ftn=\toks25
)
(/usr/share/texlive/texmf-dist/tex/latex/float/float.sty
Package: float 2001/11/08 v1.3d Float enhancements (AL)
\c@float@type=\count115
\float@exts=\toks26
\float@box=\box29
\@float@everytoks=\toks27
\@floatcapt=\box30
)
(/usr/share/texlive/texmf-dist/tex/latex/csquotes/csquotes.sty
Package: csquotes 2016/01/31 v5.1g context-sensitive quotations (JAW)

(/usr/share/texlive/texmf-dist/tex/latex/etoolbox/etoolbox.sty
Package: etoolbox 2015/08/02 v2.2a e-TeX tools for LaTeX (JAW)
\etb@tempcnta=\count116
)
\csq@reset=\count117
\csq@gtype=\count118
\csq@glevel=\count119
\csq@qlevel=\count120
\csq@maxlvl=\count121
\csq@tshold=\count122
\csq@ltx@everypar=\toks28

(/usr/share/texlive/texmf-dist/tex/latex/csquotes/csquotes.def
File: csquotes.def 2016/01/31 v5.1g csquotes generic definitions (JAW)
)
Package csquotes Info: Trying to load configuration file 'csquotes.cfg'...
Package csquotes Info: ... configuration file loaded successfully.

(/usr/share/texlive/texmf-dist/tex/latex/csquotes/csquotes.cfg
File: csquotes.cfg 
))
(/usr/share/texlive/texmf-dist/tex/latex/eurosym/eurosym.sty
Package: eurosym 1998/08/06 v1.1 European currency symbol ``Euro''
\@eurobox=\box31
)
\@float@every@table=\toks29

(/usr/share/texlive/texmf-dist/tex/latex/graphics/graphicx.sty
Package: graphicx 2014/10/28 v1.0g Enhanced LaTeX Graphics (DPC,SPQR)

(/usr/share/texlive/texmf-dist/tex/latex/graphics/graphics.sty
Package: graphics 2016/01/03 v1.0q Standard LaTeX Graphics (DPC,SPQR)

(/usr/share/texlive/texmf-dist/tex/latex/graphics/trig.sty
Package: trig 2016/01/03 v1.10 sin cos tan (DPC)
)
(/usr/share/texlive/texmf-dist/tex/latex/latexconfig/graphics.cfg
File: graphics.cfg 2010/04/23 v1.9 graphics configuration of TeX Live
)
Package graphics Info: Driver file: pdftex.def on input line 95.
)
\Gin@req@height=\dimen135
\Gin@req@width=\dimen136
)
Package csquotes Info: Checking for multilingual support...
Package csquotes Info: ... found 'babel' package.
Package csquotes Info: Adjusting default style.
Package csquotes Info: Redefining alias 'default' -> 'spanish'.

(./plantilla.aux
LaTeX Info: Redefining \. on input line 23.
LaTeX Info: Redefining \% on input line 23.
)
\openout1 = `plantilla.aux'.

LaTeX Font Info:    Checking defaults for OML/cmm/m/it on input line 139.
LaTeX Font Info:    ... okay on input line 139.
LaTeX Font Info:    Checking defaults for T1/cmr/m/n on input line 139.
LaTeX Font Info:    ... okay on input line 139.
LaTeX Font Info:    Checking defaults for OT1/cmr/m/n on input line 139.
LaTeX Font Info:    ... okay on input line 139.
LaTeX Font Info:    Checking defaults for OMS/cmsy/m/n on input line 139.
LaTeX Font Info:    ... okay on input line 139.
LaTeX Font Info:    Checking defaults for OMX/cmex/m/n on input line 139.
LaTeX Font Info:    ... okay on input line 139.
LaTeX Font Info:    Checking defaults for U/cmr/m/n on input line 139.
LaTeX Font Info:    ... okay on input line 139.
LaTeX Font Info:    Checking defaults for TS1/cmr/m/n on input line 139.
LaTeX Font Info:    Try loading font information for TS1+cmr on input line 139.

 (/usr/share/texlive/texmf-dist/tex/latex/base/ts1cmr.fd
File: ts1cmr.fd 2014/09/29 v2.5h Standard LaTeX font definitions
)
LaTeX Font Info:    ... okay on input line 139.
LaTeX Font Info:    Checking defaults for PD1/pdf/m/n on input line 139.
LaTeX Font Info:    ... okay on input line 139.
LaTeX Info: Redefining \. on input line 139.
LaTeX Info: Redefining \% on input line 139.

(/usr/share/texlive/texmf-dist/tex/context/base/supp-pdf.mkii
[Loading MPS to PDF converter (version 2006.09.02).]
\scratchcounter=\count123
\scratchdimen=\dimen137
\scratchbox=\box32
\nofMPsegments=\count124
\nofMParguments=\count125
\everyMPshowfont=\toks30
\MPscratchCnt=\count126
\MPscratchDim=\dimen138
\MPnumerator=\count127
\makeMPintoPDFobject=\count128
\everyMPtoPDFconversion=\toks31
)
\AtBeginShipoutBox=\box33
Package hyperref Info: Link coloring OFF on input line 139.
 (/usr/share/texlive/texmf-dist/tex/latex/hyperref/nameref.sty
Package: nameref 2012/10/27 v2.43 Cross-referencing by name of section

(/usr/share/texlive/texmf-dist/tex/generic/oberdiek/gettitlestring.sty
Package: gettitlestring 2010/12/03 v1.4 Cleanup title references (HO)
)
\c@section@level=\count129
)
LaTeX Info: Redefining \ref on input line 139.
LaTeX Info: Redefining \pageref on input line 139.
LaTeX Info: Redefining \nameref on input line 139.

(./plantilla.out) (./plantilla.out)
\@outlinefile=\write3
\openout3 = `plantilla.out'.


(/usr/share/texlive/texmf-dist/tex/latex/oberdiek/epstopdf-base.sty
Package: epstopdf-base 2010/02/09 v2.5 Base part for package epstopdf

(/usr/share/texlive/texmf-dist/tex/latex/oberdiek/grfext.sty
Package: grfext 2010/08/19 v1.1 Manage graphics extensions (HO)
)
Package grfext Info: Graphics extension search list:
(grfext)             [.png,.pdf,.jpg,.mps,.jpeg,.jbig2,.jb2,.PNG,.PDF,.JPG,.JPE
G,.JBIG2,.JB2,.eps]
(grfext)             \AppendGraphicsExtensions on input line 452.

(/usr/share/texlive/texmf-dist/tex/latex/latexconfig/epstopdf-sys.cfg
File: epstopdf-sys.cfg 2010/07/13 v1.3 Configuration of (r)epstopdf for TeX Liv
e
))
<logo-uclm.jpg, id=112, 125.46875pt x 104.39pt>
File: logo-uclm.jpg Graphic file (type jpg)
 <use logo-uclm.jpg>
Package pdftex.def Info: logo-uclm.jpg used on input line 144.
(pdftex.def)             Requested size: 85.35826pt x 71.02087pt.

<logo-esii.png, id=113, 249.93375pt x 249.93375pt>
File: logo-esii.png Graphic file (type png)
 <use logo-esii.png>
Package pdftex.def Info: logo-esii.png used on input line 146.
(pdftex.def)             Requested size: 85.35826pt x 85.35771pt.

<logo-conciti.png, id=115, 619.113pt x 737.154pt>
File: logo-conciti.png Graphic file (type png)
 <use logo-conciti.png>
Package pdftex.def Info: logo-conciti.png used on input line 150.
(pdftex.def)             Requested size: 84.21902pt x 100.20888pt.

<patrocinadores.png, id=116, 778.91pt x 85.31876pt>
File: patrocinadores.png Graphic file (type png)
 <use patrocinadores.png>
Package pdftex.def Info: patrocinadores.png used on input line 191.
(pdftex.def)             Requested size: 298.75394pt x 32.72348pt.
Package babel Info: Redefining spanish shorthand <<
(babel)             in language append on input line 194.
Package babel Info: Redefining spanish shorthand >>
(babel)             in language append on input line 194.
Package babel Info: Redefining spanish shorthand "=
(babel)             in language append on input line 194.
Package babel Info: Redefining spanish shorthand "~
(babel)             in language append on input line 194.
Package babel Info: Redefining spanish shorthand "!
(babel)             in language append on input line 194.
Package babel Info: Redefining spanish shorthand "?
(babel)             in language append on input line 194.
Package babel Info: Redefining spanish shorthand <<
(babel)             in language append on input line 194.
Package babel Info: Redefining spanish shorthand >>
(babel)             in language append on input line 194.
Package babel Info: Redefining spanish shorthand "=
(babel)             in language append on input line 194.
Package babel Info: Redefining spanish shorthand "~
(babel)             in language append on input line 194.
Package babel Info: Redefining spanish shorthand "!
(babel)             in language append on input line 194.
Package babel Info: Redefining spanish shorthand "?
(babel)             in language append on input line 194.

[0

{/var/lib/texmf/fonts/map/pdftex/updmap/pdftex.map} <./logo-uclm.jpg> <./logo-e
sii.png> <./logo-conciti.png> <./patrocinadores.png>] (./plantilla.toc
LaTeX Info: Redefining \. on input line 1.
LaTeX Info: Redefining \% on input line 1.
LaTeX Font Info:    Try loading font information for U+msa on input line 4.

(/usr/share/texlive/texmf-dist/tex/latex/amsfonts/umsa.fd
File: umsa.fd 2013/01/14 v3.01 AMS symbols A
)
LaTeX Font Info:    Try loading font information for U+msb on input line 4.

(/usr/share/texlive/texmf-dist/tex/latex/amsfonts/umsb.fd
File: umsb.fd 2013/01/14 v3.01 AMS symbols B
))
\tf@toc=\write4
\openout4 = `plantilla.toc'.

Package babel Info: Redefining spanish shorthand <<
(babel)             in language append on input line 201.
Package babel Info: Redefining spanish shorthand >>
(babel)             in language append on input line 201.
Package babel Info: Redefining spanish shorthand "=
(babel)             in language append on input line 201.
Package babel Info: Redefining spanish shorthand "~
(babel)             in language append on input line 201.
Package babel Info: Redefining spanish shorthand "!
(babel)             in language append on input line 201.
Package babel Info: Redefining spanish shorthand "?
(babel)             in language append on input line 201.
Package babel Info: Redefining spanish shorthand <<
(babel)             in language append on input line 201.
Package babel Info: Redefining spanish shorthand >>
(babel)             in language append on input line 201.
Package babel Info: Redefining spanish shorthand "=
(babel)             in language append on input line 201.
Package babel Info: Redefining spanish shorthand "~
(babel)             in language append on input line 201.
Package babel Info: Redefining spanish shorthand "!
(babel)             in language append on input line 201.
Package babel Info: Redefining spanish shorthand "?
(babel)             in language append on input line 201.
 [1

]
Package babel Info: Redefining spanish shorthand <<
(babel)             in language append on input line 207.
Package babel Info: Redefining spanish shorthand >>
(babel)             in language append on input line 207.
Package babel Info: Redefining spanish shorthand "=
(babel)             in language append on input line 207.
Package babel Info: Redefining spanish shorthand "~
(babel)             in language append on input line 207.
Package babel Info: Redefining spanish shorthand "!
(babel)             in language append on input line 207.
Package babel Info: Redefining spanish shorthand "?
(babel)             in language append on input line 207.

Underfull \hbox (badness 10000) in paragraph at lines 220--221

 []


Underfull \hbox (badness 10000) in paragraph at lines 222--223

 []


Underfull \hbox (badness 10000) in paragraph at lines 224--225

 []


Underfull \hbox (badness 10000) in paragraph at lines 226--227

 []


Underfull \hbox (badness 10000) in paragraph at lines 228--229

 []

Package babel Info: Redefining spanish shorthand <<
(babel)             in language append on input line 230.
Package babel Info: Redefining spanish shorthand >>
(babel)             in language append on input line 230.
Package babel Info: Redefining spanish shorthand "=
(babel)             in language append on input line 230.
Package babel Info: Redefining spanish shorthand "~
(babel)             in language append on input line 230.
Package babel Info: Redefining spanish shorthand "!
(babel)             in language append on input line 230.
Package babel Info: Redefining spanish shorthand "?
(babel)             in language append on input line 230.
Package babel Info: Redefining spanish shorthand <<
(babel)             in language append on input line 230.
Package babel Info: Redefining spanish shorthand >>
(babel)             in language append on input line 230.
Package babel Info: Redefining spanish shorthand "=
(babel)             in language append on input line 230.
Package babel Info: Redefining spanish shorthand "~
(babel)             in language append on input line 230.
Package babel Info: Redefining spanish shorthand "!
(babel)             in language append on input line 230.
Package babel Info: Redefining spanish shorthand "?
(babel)             in language append on input line 230.
pdfTeX warning (ext4): destination with the same identifier (name{page.1}) has 
been already used, duplicate ignored
<to be read again> 
                   \relax 
l.230 \clearpage
                 [1

]
Package babel Info: Redefining spanish shorthand <<
(babel)             in language append on input line 232.
Package babel Info: Redefining spanish shorthand >>
(babel)             in language append on input line 232.
Package babel Info: Redefining spanish shorthand "=
(babel)             in language append on input line 232.
Package babel Info: Redefining spanish shorthand "~
(babel)             in language append on input line 232.
Package babel Info: Redefining spanish shorthand "!
(babel)             in language append on input line 232.
Package babel Info: Redefining spanish shorthand "?
(babel)             in language append on input line 232.
Package babel Info: Redefining spanish shorthand <<
(babel)             in language append on input line 236.
Package babel Info: Redefining spanish shorthand >>
(babel)             in language append on input line 236.
Package babel Info: Redefining spanish shorthand "=
(babel)             in language append on input line 236.
Package babel Info: Redefining spanish shorthand "~
(babel)             in language append on input line 236.
Package babel Info: Redefining spanish shorthand "!
(babel)             in language append on input line 236.
Package babel Info: Redefining spanish shorthand "?
(babel)             in language append on input line 236.
Package babel Info: Redefining spanish shorthand <<
(babel)             in language append on input line 306.
Package babel Info: Redefining spanish shorthand >>
(babel)             in language append on input line 306.
Package babel Info: Redefining spanish shorthand "=
(babel)             in language append on input line 306.
Package babel Info: Redefining spanish shorthand "~
(babel)             in language append on input line 306.
Package babel Info: Redefining spanish shorthand "!
(babel)             in language append on input line 306.
Package babel Info: Redefining spanish shorthand "?
(babel)             in language append on input line 306.

Underfull \hbox (badness 10000) in paragraph at lines 308--309

 []

Package babel Info: Redefining spanish shorthand <<
(babel)             in language append on input line 309.
Package babel Info: Redefining spanish shorthand >>
(babel)             in language append on input line 309.
Package babel Info: Redefining spanish shorthand "=
(babel)             in language append on input line 309.
Package babel Info: Redefining spanish shorthand "~
(babel)             in language append on input line 309.
Package babel Info: Redefining spanish shorthand "!
(babel)             in language append on input line 309.
Package babel Info: Redefining spanish shorthand "?
(babel)             in language append on input line 309.
Package babel Info: Redefining spanish shorthand <<
(babel)             in language append on input line 309.
Package babel Info: Redefining spanish shorthand >>
(babel)             in language append on input line 309.
Package babel Info: Redefining spanish shorthand "=
(babel)             in language append on input line 309.
Package babel Info: Redefining spanish shorthand "~
(babel)             in language append on input line 309.
Package babel Info: Redefining spanish shorthand "!
(babel)             in language append on input line 309.
Package babel Info: Redefining spanish shorthand "?
(babel)             in language append on input line 309.
[2

]
Underfull \hbox (badness 10000) in paragraph at lines 310--311

 []


Underfull \hbox (badness 10000) in paragraph at lines 312--313

 []


Underfull \hbox (badness 10000) in paragraph at lines 314--315

 []


Underfull \hbox (badness 10000) in paragraph at lines 316--318

 []

Package babel Info: Redefining spanish shorthand <<
(babel)             in language append on input line 331.
Package babel Info: Redefining spanish shorthand >>
(babel)             in language append on input line 331.
Package babel Info: Redefining spanish shorthand "=
(babel)             in language append on input line 331.
Package babel Info: Redefining spanish shorthand "~
(babel)             in language append on input line 331.
Package babel Info: Redefining spanish shorthand "!
(babel)             in language append on input line 331.
Package babel Info: Redefining spanish shorthand "?
(babel)             in language append on input line 331.
Package babel Info: Redefining spanish shorthand <<
(babel)             in language append on input line 331.
Package babel Info: Redefining spanish shorthand >>
(babel)             in language append on input line 331.
Package babel Info: Redefining spanish shorthand "=
(babel)             in language append on input line 331.
Package babel Info: Redefining spanish shorthand "~
(babel)             in language append on input line 331.
Package babel Info: Redefining spanish shorthand "!
(babel)             in language append on input line 331.
Package babel Info: Redefining spanish shorthand "?
(babel)             in language append on input line 331.
[3]
Package babel Info: Redefining spanish shorthand <<
(babel)             in language append on input line 333.
Package babel Info: Redefining spanish shorthand >>
(babel)             in language append on input line 333.
Package babel Info: Redefining spanish shorthand "=
(babel)             in language append on input line 333.
Package babel Info: Redefining spanish shorthand "~
(babel)             in language append on input line 333.
Package babel Info: Redefining spanish shorthand "!
(babel)             in language append on input line 333.
Package babel Info: Redefining spanish shorthand "?
(babel)             in language append on input line 333.
Package babel Info: Redefining spanish shorthand <<
(babel)             in language append on input line 434.
Package babel Info: Redefining spanish shorthand >>
(babel)             in language append on input line 434.
Package babel Info: Redefining spanish shorthand "=
(babel)             in language append on input line 434.
Package babel Info: Redefining spanish shorthand "~
(babel)             in language append on input line 434.
Package babel Info: Redefining spanish shorthand "!
(babel)             in language append on input line 434.
Package babel Info: Redefining spanish shorthand "?
(babel)             in language append on input line 434.
Package babel Info: Redefining spanish shorthand <<
(babel)             in language append on input line 434.
Package babel Info: Redefining spanish shorthand >>
(babel)             in language append on input line 434.
Package babel Info: Redefining spanish shorthand "=
(babel)             in language append on input line 434.
Package babel Info: Redefining spanish shorthand "~
(babel)             in language append on input line 434.
Package babel Info: Redefining spanish shorthand "!
(babel)             in language append on input line 434.
Package babel Info: Redefining spanish shorthand "?
(babel)             in language append on input line 434.
 [4

]
Package babel Info: Redefining spanish shorthand <<
(babel)             in language append on input line 436.
Package babel Info: Redefining spanish shorthand >>
(babel)             in language append on input line 436.
Package babel Info: Redefining spanish shorthand "=
(babel)             in language append on input line 436.
Package babel Info: Redefining spanish shorthand "~
(babel)             in language append on input line 436.
Package babel Info: Redefining spanish shorthand "!
(babel)             in language append on input line 436.
Package babel Info: Redefining spanish shorthand "?
(babel)             in language append on input line 436.

Underfull \hbox (badness 10000) in paragraph at lines 438--439

 []


Underfull \hbox (badness 10000) in paragraph at lines 440--441

 []


Underfull \hbox (badness 10000) in paragraph at lines 443--444

 []


Underfull \hbox (badness 10000) in paragraph at lines 455--456

 []

Package babel Info: Redefining spanish shorthand <<
(babel)             in language append on input line 459.
Package babel Info: Redefining spanish shorthand >>
(babel)             in language append on input line 459.
Package babel Info: Redefining spanish shorthand "=
(babel)             in language append on input line 459.
Package babel Info: Redefining spanish shorthand "~
(babel)             in language append on input line 459.
Package babel Info: Redefining spanish shorthand "!
(babel)             in language append on input line 459.
Package babel Info: Redefining spanish shorthand "?
(babel)             in language append on input line 459.

Underfull \hbox (badness 10000) in paragraph at lines 460--461

 []


Underfull \hbox (badness 10000) in paragraph at lines 462--463

 []

Package babel Info: Redefining spanish shorthand <<
(babel)             in language append on input line 465.
Package babel Info: Redefining spanish shorthand >>
(babel)             in language append on input line 465.
Package babel Info: Redefining spanish shorthand "=
(babel)             in language append on input line 465.
Package babel Info: Redefining spanish shorthand "~
(babel)             in language append on input line 465.
Package babel Info: Redefining spanish shorthand "!
(babel)             in language append on input line 465.
Package babel Info: Redefining spanish shorthand "?
(babel)             in language append on input line 465.
Package babel Info: Redefining spanish shorthand <<
(babel)             in language append on input line 465.
Package babel Info: Redefining spanish shorthand >>
(babel)             in language append on input line 465.
Package babel Info: Redefining spanish shorthand "=
(babel)             in language append on input line 465.
Package babel Info: Redefining spanish shorthand "~
(babel)             in language append on input line 465.
Package babel Info: Redefining spanish shorthand "!
(babel)             in language append on input line 465.
Package babel Info: Redefining spanish shorthand "?
(babel)             in language append on input line 465.
[5] <fut_aparc.png, id=201, 759.58781pt x 298.86656pt>
File: fut_aparc.png Graphic file (type png)
 <use fut_aparc.png>
Package pdftex.def Info: fut_aparc.png used on input line 468.
(pdftex.def)             Requested size: 303.82974pt x 119.5445pt.

Underfull \hbox (badness 10000) in paragraph at lines 473--474

 []

<ejemplo_aparc.jpeg, id=202, 569.12625pt x 278.03876pt>
File: ejemplo_aparc.jpeg Graphic file (type jpg)

<use ejemplo_aparc.jpeg>
Package pdftex.def Info: ejemplo_aparc.jpeg used on input line 479.
(pdftex.def)             Requested size: 227.64647pt x 111.21352pt.
Package babel Info: Redefining spanish shorthand <<
(babel)             in language append on input line 501.
Package babel Info: Redefining spanish shorthand >>
(babel)             in language append on input line 501.
Package babel Info: Redefining spanish shorthand "=
(babel)             in language append on input line 501.
Package babel Info: Redefining spanish shorthand "~
(babel)             in language append on input line 501.
Package babel Info: Redefining spanish shorthand "!
(babel)             in language append on input line 501.
Package babel Info: Redefining spanish shorthand "?
(babel)             in language append on input line 501.
Package babel Info: Redefining spanish shorthand <<
(babel)             in language append on input line 501.
Package babel Info: Redefining spanish shorthand >>
(babel)             in language append on input line 501.
Package babel Info: Redefining spanish shorthand "=
(babel)             in language append on input line 501.
Package babel Info: Redefining spanish shorthand "~
(babel)             in language append on input line 501.
Package babel Info: Redefining spanish shorthand "!
(babel)             in language append on input line 501.
Package babel Info: Redefining spanish shorthand "?
(babel)             in language append on input line 501.
 [6pdfTeX warning (ext4): destination with the same identifier (name{figure.1})
 has been already used, duplicate ignored

\AtBegShi@Output ...ipout \box \AtBeginShipoutBox 
                                                  \fi \fi 
l.501 \clearpage
                pdfTeX warning (ext4): destination with the same identifier (na
me{figure.2}) has been already used, duplicate ignored

\AtBegShi@Output ...ipout \box \AtBeginShipoutBox 
                                                  \fi \fi 
l.501 \clearpage
                 <./fut_aparc.png> <./ejemplo_aparc.jpeg>]
Package babel Info: Redefining spanish shorthand <<
(babel)             in language append on input line 503.
Package babel Info: Redefining spanish shorthand >>
(babel)             in language append on input line 503.
Package babel Info: Redefining spanish shorthand "=
(babel)             in language append on input line 503.
Package babel Info: Redefining spanish shorthand "~
(babel)             in language append on input line 503.
Package babel Info: Redefining spanish shorthand "!
(babel)             in language append on input line 503.
Package babel Info: Redefining spanish shorthand "?
(babel)             in language append on input line 503.
Package babel Info: Redefining spanish shorthand <<
(babel)             in language append on input line 507.
Package babel Info: Redefining spanish shorthand >>
(babel)             in language append on input line 507.
Package babel Info: Redefining spanish shorthand "=
(babel)             in language append on input line 507.
Package babel Info: Redefining spanish shorthand "~
(babel)             in language append on input line 507.
Package babel Info: Redefining spanish shorthand "!
(babel)             in language append on input line 507.
Package babel Info: Redefining spanish shorthand "?
(babel)             in language append on input line 507.

<arquitectura.png, id=209, 858.95906pt x 249.18094pt>
File: arquitectura.png Graphic file (type png)
 <use arquitectura.png>
Package pdftex.def Info: arquitectura.png used on input line 513.
(pdftex.def)             Requested size: 257.6897pt x 74.75485pt.

Underfull \hbox (badness 10000) in paragraph at lines 534--535

 []


Underfull \hbox (badness 10000) in paragraph at lines 536--537

 []


Underfull \hbox (badness 10000) in paragraph at lines 538--539

 []


Underfull \hbox (badness 10000) in paragraph at lines 540--541

 []

Package babel Info: Redefining spanish shorthand <<
(babel)             in language append on input line 545.
Package babel Info: Redefining spanish shorthand >>
(babel)             in language append on input line 545.
Package babel Info: Redefining spanish shorthand "=
(babel)             in language append on input line 545.
Package babel Info: Redefining spanish shorthand "~
(babel)             in language append on input line 545.
Package babel Info: Redefining spanish shorthand "!
(babel)             in language append on input line 545.
Package babel Info: Redefining spanish shorthand "?
(babel)             in language append on input line 545.
<plaza.jpeg, id=210, 502.87875pt x 350.81062pt>
File: plaza.jpeg Graphic file (type jpg)
 <use plaza.jpeg>
Package pdftex.def Info: plaza.jpeg used on input line 551.
(pdftex.def)             Requested size: 150.86478pt x 105.24399pt.
Package babel Info: Redefining spanish shorthand <<
(babel)             in language append on input line 554.
Package babel Info: Redefining spanish shorthand >>
(babel)             in language append on input line 554.
Package babel Info: Redefining spanish shorthand "=
(babel)             in language append on input line 554.
Package babel Info: Redefining spanish shorthand "~
(babel)             in language append on input line 554.
Package babel Info: Redefining spanish shorthand "!
(babel)             in language append on input line 554.
Package babel Info: Redefining spanish shorthand "?
(babel)             in language append on input line 554.
Package babel Info: Redefining spanish shorthand <<
(babel)             in language append on input line 554.
Package babel Info: Redefining spanish shorthand >>
(babel)             in language append on input line 554.
Package babel Info: Redefining spanish shorthand "=
(babel)             in language append on input line 554.
Package babel Info: Redefining spanish shorthand "~
(babel)             in language append on input line 554.
Package babel Info: Redefining spanish shorthand "!
(babel)             in language append on input line 554.
Package babel Info: Redefining spanish shorthand "?
(babel)             in language append on input line 554.
 [7

pdfTeX warning (ext4): destination with the same identifier (name{figure.3}) ha
s been already used, duplicate ignored

\AtBegShi@Output ...ipout \box \AtBeginShipoutBox 
                                                  \fi \fi 
l.554 \end{figure}
                   <./arquitectura.png>]
Package babel Info: Redefining spanish shorthand <<
(babel)             in language append on input line 558.
Package babel Info: Redefining spanish shorthand >>
(babel)             in language append on input line 558.
Package babel Info: Redefining spanish shorthand "=
(babel)             in language append on input line 558.
Package babel Info: Redefining spanish shorthand "~
(babel)             in language append on input line 558.
Package babel Info: Redefining spanish shorthand "!
(babel)             in language append on input line 558.
Package babel Info: Redefining spanish shorthand "?
(babel)             in language append on input line 558.
Package babel Info: Redefining spanish shorthand <<
(babel)             in language append on input line 560.
Package babel Info: Redefining spanish shorthand >>
(babel)             in language append on input line 560.
Package babel Info: Redefining spanish shorthand "=
(babel)             in language append on input line 560.
Package babel Info: Redefining spanish shorthand "~
(babel)             in language append on input line 560.
Package babel Info: Redefining spanish shorthand "!
(babel)             in language append on input line 560.
Package babel Info: Redefining spanish shorthand "?
(babel)             in language append on input line 560.

<nodered.png, id=217, 836.3747pt x 406.51875pt>
File: nodered.png Graphic file (type png)
 <use nodered.png>
Package pdftex.def Info: nodered.png used on input line 577.
(pdftex.def)             Requested size: 501.82869pt x 243.91312pt.

Overfull \hbox (18.1032pt too wide) in paragraph at lines 577--579
 [][] 
 []

Package babel Info: Redefining spanish shorthand <<
(babel)             in language append on input line 581.
Package babel Info: Redefining spanish shorthand >>
(babel)             in language append on input line 581.
Package babel Info: Redefining spanish shorthand "=
(babel)             in language append on input line 581.
Package babel Info: Redefining spanish shorthand "~
(babel)             in language append on input line 581.
Package babel Info: Redefining spanish shorthand "!
(babel)             in language append on input line 581.
Package babel Info: Redefining spanish shorthand "?
(babel)             in language append on input line 581.
Package babel Info: Redefining spanish shorthand <<
(babel)             in language append on input line 581.
Package babel Info: Redefining spanish shorthand >>
(babel)             in language append on input line 581.
Package babel Info: Redefining spanish shorthand "=
(babel)             in language append on input line 581.
Package babel Info: Redefining spanish shorthand "~
(babel)             in language append on input line 581.
Package babel Info: Redefining spanish shorthand "!
(babel)             in language append on input line 581.
Package babel Info: Redefining spanish shorthand "?
(babel)             in language append on input line 581.
[8pdfTeX warning (ext4): destination with the same identifier (name{figure.4}) 
has been already used, duplicate ignored

\AtBegShi@Output ...ipout \box \AtBeginShipoutBox 
                                                  \fi \fi 
l.581 
       <./plaza.jpeg>]
Underfull \hbox (badness 10000) in paragraph at lines 582--584

 []

<nodered2.png, id=227, 910.90312pt x 344.78813pt>
File: nodered2.png Graphic file (type png)
 <use nodered2.png>
Package pdftex.def Info: nodered2.png used on input line 588.
(pdftex.def)             Requested size: 546.54608pt x 206.87447pt.

Overfull \hbox (62.82059pt too wide) in paragraph at lines 588--590
 [][] 
 []

Package babel Info: Redefining spanish shorthand <<
(babel)             in language append on input line 592.
Package babel Info: Redefining spanish shorthand >>
(babel)             in language append on input line 592.
Package babel Info: Redefining spanish shorthand "=
(babel)             in language append on input line 592.
Package babel Info: Redefining spanish shorthand "~
(babel)             in language append on input line 592.
Package babel Info: Redefining spanish shorthand "!
(babel)             in language append on input line 592.
Package babel Info: Redefining spanish shorthand "?
(babel)             in language append on input line 592.
Package babel Info: Redefining spanish shorthand <<
(babel)             in language append on input line 592.
Package babel Info: Redefining spanish shorthand >>
(babel)             in language append on input line 592.
Package babel Info: Redefining spanish shorthand "=
(babel)             in language append on input line 592.
Package babel Info: Redefining spanish shorthand "~
(babel)             in language append on input line 592.
Package babel Info: Redefining spanish shorthand "!
(babel)             in language append on input line 592.
Package babel Info: Redefining spanish shorthand "?
(babel)             in language append on input line 592.
[9pdfTeX warning (ext4): destination with the same identifier (name{figure.5}) 
has been already used, duplicate ignored

\AtBegShi@Output ...ipout \box \AtBeginShipoutBox 
                                                  \fi \fi 
l.592 
       <./nodered.png>]
Package babel Info: Redefining spanish shorthand <<
(babel)             in language append on input line 597.
Package babel Info: Redefining spanish shorthand >>
(babel)             in language append on input line 597.
Package babel Info: Redefining spanish shorthand "=
(babel)             in language append on input line 597.
Package babel Info: Redefining spanish shorthand "~
(babel)             in language append on input line 597.
Package babel Info: Redefining spanish shorthand "!
(babel)             in language append on input line 597.
Package babel Info: Redefining spanish shorthand "?
(babel)             in language append on input line 597.

Underfull \hbox (badness 10000) in paragraph at lines 598--600

 []


Underfull \hbox (badness 10000) in paragraph at lines 601--602

 []

Package babel Info: Redefining spanish shorthand <<
(babel)             in language append on input line 603.
Package babel Info: Redefining spanish shorthand >>
(babel)             in language append on input line 603.
Package babel Info: Redefining spanish shorthand "=
(babel)             in language append on input line 603.
Package babel Info: Redefining spanish shorthand "~
(babel)             in language append on input line 603.
Package babel Info: Redefining spanish shorthand "!
(babel)             in language append on input line 603.
Package babel Info: Redefining spanish shorthand "?
(babel)             in language append on input line 603.

Underfull \hbox (badness 10000) in paragraph at lines 605--607

 []

Package babel Info: Redefining spanish shorthand <<
(babel)             in language append on input line 619.
Package babel Info: Redefining spanish shorthand >>
(babel)             in language append on input line 619.
Package babel Info: Redefining spanish shorthand "=
(babel)             in language append on input line 619.
Package babel Info: Redefining spanish shorthand "~
(babel)             in language append on input line 619.
Package babel Info: Redefining spanish shorthand "!
(babel)             in language append on input line 619.
Package babel Info: Redefining spanish shorthand "?
(babel)             in language append on input line 619.
Package babel Info: Redefining spanish shorthand <<
(babel)             in language append on input line 619.
Package babel Info: Redefining spanish shorthand >>
(babel)             in language append on input line 619.
Package babel Info: Redefining spanish shorthand "=
(babel)             in language append on input line 619.
Package babel Info: Redefining spanish shorthand "~
(babel)             in language append on input line 619.
Package babel Info: Redefining spanish shorthand "!
(babel)             in language append on input line 619.
Package babel Info: Redefining spanish shorthand "?
(babel)             in language append on input line 619.
[10pdfTeX warning (ext4): destination with the same identifier (name{figure.6})
 has been already used, duplicate ignored

\AtBegShi@Output ...ipout \box \AtBeginShipoutBox 
                                                  \fi \fi 
l.619 	\item \textbf
                    {SensorId:} Identificador del sensor que ha detectado el...
 <./nodered2.png>]
Package babel Info: Redefining spanish shorthand <<
(babel)             in language append on input line 624.
Package babel Info: Redefining spanish shorthand >>
(babel)             in language append on input line 624.
Package babel Info: Redefining spanish shorthand "=
(babel)             in language append on input line 624.
Package babel Info: Redefining spanish shorthand "~
(babel)             in language append on input line 624.
Package babel Info: Redefining spanish shorthand "!
(babel)             in language append on input line 624.
Package babel Info: Redefining spanish shorthand "?
(babel)             in language append on input line 624.

Underfull \hbox (badness 10000) in paragraph at lines 635--636

 []

Package babel Info: Redefining spanish shorthand <<
(babel)             in language append on input line 640.
Package babel Info: Redefining spanish shorthand >>
(babel)             in language append on input line 640.
Package babel Info: Redefining spanish shorthand "=
(babel)             in language append on input line 640.
Package babel Info: Redefining spanish shorthand "~
(babel)             in language append on input line 640.
Package babel Info: Redefining spanish shorthand "!
(babel)             in language append on input line 640.
Package babel Info: Redefining spanish shorthand "?
(babel)             in language append on input line 640.

Underfull \hbox (badness 10000) in paragraph at lines 641--642

 []


Underfull \hbox (badness 10000) in paragraph at lines 643--644

 []


Underfull \hbox (badness 10000) in paragraph at lines 645--646

 []


Underfull \hbox (badness 10000) in paragraph at lines 647--648

 []

Package babel Info: Redefining spanish shorthand <<
(babel)             in language append on input line 656.
Package babel Info: Redefining spanish shorthand >>
(babel)             in language append on input line 656.
Package babel Info: Redefining spanish shorthand "=
(babel)             in language append on input line 656.
Package babel Info: Redefining spanish shorthand "~
(babel)             in language append on input line 656.
Package babel Info: Redefining spanish shorthand "!
(babel)             in language append on input line 656.
Package babel Info: Redefining spanish shorthand "?
(babel)             in language append on input line 656.
Package babel Info: Redefining spanish shorthand <<
(babel)             in language append on input line 656.
Package babel Info: Redefining spanish shorthand >>
(babel)             in language append on input line 656.
Package babel Info: Redefining spanish shorthand "=
(babel)             in language append on input line 656.
Package babel Info: Redefining spanish shorthand "~
(babel)             in language append on input line 656.
Package babel Info: Redefining spanish shorthand "!
(babel)             in language append on input line 656.
Package babel Info: Redefining spanish shorthand "?
(babel)             in language append on input line 656.
[11] <cordova.png, id=247, 298.11375pt x 170.6375pt>
File: cordova.png Graphic file (type png)
 <use cordova.png>
Package pdftex.def Info: cordova.png used on input line 660.
(pdftex.def)             Requested size: 238.49132pt x 136.51016pt.

<ionic.png, id=248, 512.91624pt x 179.67125pt>
File: ionic.png Graphic file (type png)
 <use ionic.png>
Package pdftex.def Info: ionic.png used on input line 677.
(pdftex.def)             Requested size: 205.16286pt x 71.86722pt.

Underfull \hbox (badness 10000) in paragraph at lines 682--684

 []

<leafleft.png, id=249, 602.25pt x 159.59625pt>
File: leafleft.png Graphic file (type png)
 <use leafleft.png>
Package pdftex.def Info: leafleft.png used on input line 687.
(pdftex.def)             Requested size: 240.89572pt x 63.83736pt.
Package babel Info: Redefining spanish shorthand <<
(babel)             in language append on input line 691.
Package babel Info: Redefining spanish shorthand >>
(babel)             in language append on input line 691.
Package babel Info: Redefining spanish shorthand "=
(babel)             in language append on input line 691.
Package babel Info: Redefining spanish shorthand "~
(babel)             in language append on input line 691.
Package babel Info: Redefining spanish shorthand "!
(babel)             in language append on input line 691.
Package babel Info: Redefining spanish shorthand "?
(babel)             in language append on input line 691.
Package babel Info: Redefining spanish shorthand <<
(babel)             in language append on input line 691.
Package babel Info: Redefining spanish shorthand >>
(babel)             in language append on input line 691.
Package babel Info: Redefining spanish shorthand "=
(babel)             in language append on input line 691.
Package babel Info: Redefining spanish shorthand "~
(babel)             in language append on input line 691.
Package babel Info: Redefining spanish shorthand "!
(babel)             in language append on input line 691.
Package babel Info: Redefining spanish shorthand "?
(babel)             in language append on input line 691.
 [12pdfTeX warning (ext4): destination with the same identifier (name{figure.7}
) has been already used, duplicate ignored

\AtBegShi@Output ...ipout \box \AtBeginShipoutBox 
                                                  \fi \fi 
l.691 
      pdfTeX warning (ext4): destination with the same identifier (name{figure.
8}) has been already used, duplicate ignored

\AtBegShi@Output ...ipout \box \AtBeginShipoutBox 
                                                  \fi \fi 
l.691 
       <./cordova.png> <./ionic.png>]
<openstreetmap.png, id=262, 256.96pt x 197.73875pt>
File: openstreetmap.png Graphic file (type png)
 <use openstreetmap.png>
Package pdftex.def Info: openstreetmap.png used on input line 696.
(pdftex.def)             Requested size: 154.17719pt x 118.64417pt.
Package babel Info: Redefining spanish shorthand <<
(babel)             in language append on input line 703.
Package babel Info: Redefining spanish shorthand >>
(babel)             in language append on input line 703.
Package babel Info: Redefining spanish shorthand "=
(babel)             in language append on input line 703.
Package babel Info: Redefining spanish shorthand "~
(babel)             in language append on input line 703.
Package babel Info: Redefining spanish shorthand "!
(babel)             in language append on input line 703.
Package babel Info: Redefining spanish shorthand "?
(babel)             in language append on input line 703.
Package babel Info: Redefining spanish shorthand <<
(babel)             in language append on input line 704.
Package babel Info: Redefining spanish shorthand >>
(babel)             in language append on input line 704.
Package babel Info: Redefining spanish shorthand "=
(babel)             in language append on input line 704.
Package babel Info: Redefining spanish shorthand "~
(babel)             in language append on input line 704.
Package babel Info: Redefining spanish shorthand "!
(babel)             in language append on input line 704.
Package babel Info: Redefining spanish shorthand "?
(babel)             in language append on input line 704.

Underfull \hbox (badness 10000) in paragraph at lines 710--711

 []


Underfull \hbox (badness 10000) in paragraph at lines 719--720

 []


Underfull \hbox (badness 10000) in paragraph at lines 728--729

 []


Underfull \hbox (badness 10000) in paragraph at lines 732--733

 []

Package babel Info: Redefining spanish shorthand <<
(babel)             in language append on input line 734.
Package babel Info: Redefining spanish shorthand >>
(babel)             in language append on input line 734.
Package babel Info: Redefining spanish shorthand "=
(babel)             in language append on input line 734.
Package babel Info: Redefining spanish shorthand "~
(babel)             in language append on input line 734.
Package babel Info: Redefining spanish shorthand "!
(babel)             in language append on input line 734.
Package babel Info: Redefining spanish shorthand "?
(babel)             in language append on input line 734.
Package babel Info: Redefining spanish shorthand <<
(babel)             in language append on input line 734.
Package babel Info: Redefining spanish shorthand >>
(babel)             in language append on input line 734.
Package babel Info: Redefining spanish shorthand "=
(babel)             in language append on input line 734.
Package babel Info: Redefining spanish shorthand "~
(babel)             in language append on input line 734.
Package babel Info: Redefining spanish shorthand "!
(babel)             in language append on input line 734.
Package babel Info: Redefining spanish shorthand "?
(babel)             in language append on input line 734.
[13pdfTeX warning (ext4): destination with the same identifier (name{figure.9})
 has been already used, duplicate ignored

\AtBegShi@Output ...ipout \box \AtBeginShipoutBox 
                                                  \fi \fi 
l.734 \textbf{SENSORES DE BAJO COSTE}
                                     pdfTeX warning (ext4): destination with th
e same identifier (name{figure.10}) has been already used, duplicate ignored

\AtBegShi@Output ...ipout \box \AtBeginShipoutBox 
                                                  \fi \fi 
l.734 \textbf{SENSORES DE BAJO COSTE}
                                      <./leafleft.png> <./openstreetmap.png>]
Underfull \hbox (badness 10000) in paragraph at lines 736--737

 []


Underfull \hbox (badness 10000) in paragraph at lines 740--741

 []


Underfull \hbox (badness 10000) in paragraph at lines 742--743

 []


Underfull \hbox (badness 10000) in paragraph at lines 744--745

 []


Underfull \hbox (badness 10000) in paragraph at lines 746--747

 []


Underfull \hbox (badness 10000) in paragraph at lines 748--749

 []


Underfull \hbox (badness 10000) in paragraph at lines 750--751

 []


Underfull \hbox (badness 10000) in paragraph at lines 752--753

 []


Underfull \hbox (badness 10000) in paragraph at lines 754--755

 []


Underfull \hbox (badness 10000) in paragraph at lines 758--759

 []

Package babel Info: Redefining spanish shorthand <<
(babel)             in language append on input line 759.
Package babel Info: Redefining spanish shorthand >>
(babel)             in language append on input line 759.
Package babel Info: Redefining spanish shorthand "=
(babel)             in language append on input line 759.
Package babel Info: Redefining spanish shorthand "~
(babel)             in language append on input line 759.
Package babel Info: Redefining spanish shorthand "!
(babel)             in language append on input line 759.
Package babel Info: Redefining spanish shorthand "?
(babel)             in language append on input line 759.
Package babel Info: Redefining spanish shorthand <<
(babel)             in language append on input line 759.
Package babel Info: Redefining spanish shorthand >>
(babel)             in language append on input line 759.
Package babel Info: Redefining spanish shorthand "=
(babel)             in language append on input line 759.
Package babel Info: Redefining spanish shorthand "~
(babel)             in language append on input line 759.
Package babel Info: Redefining spanish shorthand "!
(babel)             in language append on input line 759.
Package babel Info: Redefining spanish shorthand "?
(babel)             in language append on input line 759.
[14]
Underfull \hbox (badness 10000) in paragraph at lines 760--761

 []

Package babel Info: Redefining spanish shorthand <<
(babel)             in language append on input line 776.
Package babel Info: Redefining spanish shorthand >>
(babel)             in language append on input line 776.
Package babel Info: Redefining spanish shorthand "=
(babel)             in language append on input line 776.
Package babel Info: Redefining spanish shorthand "~
(babel)             in language append on input line 776.
Package babel Info: Redefining spanish shorthand "!
(babel)             in language append on input line 776.
Package babel Info: Redefining spanish shorthand "?
(babel)             in language append on input line 776.
<sensores.png, id=275, 672.26157pt x 470.50781pt>
File: sensores.png Graphic file (type png)
 <use sensores.png>
Package pdftex.def Info: sensores.png used on input line 782.
(pdftex.def)             Requested size: 201.68002pt x 141.15343pt.

Underfull \hbox (badness 10000) in paragraph at lines 791--792

 []


Underfull \hbox (badness 10000) in paragraph at lines 796--797

 []


Underfull \hbox (badness 10000) in paragraph at lines 798--799

 []

Package babel Info: Redefining spanish shorthand <<
(babel)             in language append on input line 800.
Package babel Info: Redefining spanish shorthand >>
(babel)             in language append on input line 800.
Package babel Info: Redefining spanish shorthand "=
(babel)             in language append on input line 800.
Package babel Info: Redefining spanish shorthand "~
(babel)             in language append on input line 800.
Package babel Info: Redefining spanish shorthand "!
(babel)             in language append on input line 800.
Package babel Info: Redefining spanish shorthand "?
(babel)             in language append on input line 800.
Package babel Info: Redefining spanish shorthand <<
(babel)             in language append on input line 800.
Package babel Info: Redefining spanish shorthand >>
(babel)             in language append on input line 800.
Package babel Info: Redefining spanish shorthand "=
(babel)             in language append on input line 800.
Package babel Info: Redefining spanish shorthand "~
(babel)             in language append on input line 800.
Package babel Info: Redefining spanish shorthand "!
(babel)             in language append on input line 800.
Package babel Info: Redefining spanish shorthand "?
(babel)             in language append on input line 800.
[15pdfTeX warning (ext4): destination with the same identifier (name{figure.11}
) has been already used, duplicate ignored

\AtBegShi@Output ...ipout \box \AtBeginShipoutBox 
                                                  \fi \fi 
l.800 \textbf{ESPECIFICACIONES TCNICAS:}
                                          <./sensores.png>]
Underfull \hbox (badness 10000) in paragraph at lines 821--822

 []


Underfull \hbox (badness 10000) in paragraph at lines 837--839

 []

Package babel Info: Redefining spanish shorthand <<
(babel)             in language append on input line 839.
Package babel Info: Redefining spanish shorthand >>
(babel)             in language append on input line 839.
Package babel Info: Redefining spanish shorthand "=
(babel)             in language append on input line 839.
Package babel Info: Redefining spanish shorthand "~
(babel)             in language append on input line 839.
Package babel Info: Redefining spanish shorthand "!
(babel)             in language append on input line 839.
Package babel Info: Redefining spanish shorthand "?
(babel)             in language append on input line 839.
Package babel Info: Redefining spanish shorthand <<
(babel)             in language append on input line 839.
Package babel Info: Redefining spanish shorthand >>
(babel)             in language append on input line 839.
Package babel Info: Redefining spanish shorthand "=
(babel)             in language append on input line 839.
Package babel Info: Redefining spanish shorthand "~
(babel)             in language append on input line 839.
Package babel Info: Redefining spanish shorthand "!
(babel)             in language append on input line 839.
Package babel Info: Redefining spanish shorthand "?
(babel)             in language append on input line 839.
[16]
Underfull \hbox (badness 10000) in paragraph at lines 840--841

 []


Underfull \hbox (badness 10000) in paragraph at lines 846--847

 []


Underfull \hbox (badness 10000) in paragraph at lines 851--852

 []


Underfull \hbox (badness 10000) in paragraph at lines 853--854

 []

<smarcity.jpg, id=286, 730.73pt x 345.29pt>
File: smarcity.jpg Graphic file (type jpg)
 <use smarcity.jpg>
Package pdftex.def Info: smarcity.jpg used on input line 857.
(pdftex.def)             Requested size: 292.28682pt x 138.11354pt.

Underfull \hbox (badness 10000) in paragraph at lines 862--863

 []

Package babel Info: Redefining spanish shorthand <<
(babel)             in language append on input line 866.
Package babel Info: Redefining spanish shorthand >>
(babel)             in language append on input line 866.
Package babel Info: Redefining spanish shorthand "=
(babel)             in language append on input line 866.
Package babel Info: Redefining spanish shorthand "~
(babel)             in language append on input line 866.
Package babel Info: Redefining spanish shorthand "!
(babel)             in language append on input line 866.
Package babel Info: Redefining spanish shorthand "?
(babel)             in language append on input line 866.
Package babel Info: Redefining spanish shorthand <<
(babel)             in language append on input line 866.
Package babel Info: Redefining spanish shorthand >>
(babel)             in language append on input line 866.
Package babel Info: Redefining spanish shorthand "=
(babel)             in language append on input line 866.
Package babel Info: Redefining spanish shorthand "~
(babel)             in language append on input line 866.
Package babel Info: Redefining spanish shorthand "!
(babel)             in language append on input line 866.
Package babel Info: Redefining spanish shorthand "?
(babel)             in language append on input line 866.
[17pdfTeX warning (ext4): destination with the same identifier (name{figure.12}
) has been already used, duplicate ignored

\AtBegShi@Output ...ipout \box \AtBeginShipoutBox 
                                                  \fi \fi 
l.866 \clearpage
                 <./smarcity.jpg>]
Package babel Info: Redefining spanish shorthand <<
(babel)             in language append on input line 869.
Package babel Info: Redefining spanish shorthand >>
(babel)             in language append on input line 869.
Package babel Info: Redefining spanish shorthand "=
(babel)             in language append on input line 869.
Package babel Info: Redefining spanish shorthand "~
(babel)             in language append on input line 869.
Package babel Info: Redefining spanish shorthand "!
(babel)             in language append on input line 869.
Package babel Info: Redefining spanish shorthand "?
(babel)             in language append on input line 869.
Package babel Info: Redefining spanish shorthand <<
(babel)             in language append on input line 872.
Package babel Info: Redefining spanish shorthand >>
(babel)             in language append on input line 872.
Package babel Info: Redefining spanish shorthand "=
(babel)             in language append on input line 872.
Package babel Info: Redefining spanish shorthand "~
(babel)             in language append on input line 872.
Package babel Info: Redefining spanish shorthand "!
(babel)             in language append on input line 872.
Package babel Info: Redefining spanish shorthand "?
(babel)             in language append on input line 872.

Underfull \hbox (badness 10000) in paragraph at lines 873--874

 []


Underfull \hbox (badness 10000) in paragraph at lines 875--876

 []

Package babel Info: Redefining spanish shorthand <<
(babel)             in language append on input line 890.
Package babel Info: Redefining spanish shorthand >>
(babel)             in language append on input line 890.
Package babel Info: Redefining spanish shorthand "=
(babel)             in language append on input line 890.
Package babel Info: Redefining spanish shorthand "~
(babel)             in language append on input line 890.
Package babel Info: Redefining spanish shorthand "!
(babel)             in language append on input line 890.
Package babel Info: Redefining spanish shorthand "?
(babel)             in language append on input line 890.
<0.jpeg, id=293, 902.37125pt x 1604.99625pt>
File: 0.jpeg Graphic file (type jpg)
 <use 0.jpeg>
Package pdftex.def Info: 0.jpeg used on input line 896.
(pdftex.def)             Requested size: 135.34984pt x 240.73904pt.
Package babel Info: Redefining spanish shorthand <<
(babel)             in language append on input line 900.
Package babel Info: Redefining spanish shorthand >>
(babel)             in language append on input line 900.
Package babel Info: Redefining spanish shorthand "=
(babel)             in language append on input line 900.
Package babel Info: Redefining spanish shorthand "~
(babel)             in language append on input line 900.
Package babel Info: Redefining spanish shorthand "!
(babel)             in language append on input line 900.
Package babel Info: Redefining spanish shorthand "?
(babel)             in language append on input line 900.
Package babel Info: Redefining spanish shorthand <<
(babel)             in language append on input line 900.
Package babel Info: Redefining spanish shorthand >>
(babel)             in language append on input line 900.
Package babel Info: Redefining spanish shorthand "=
(babel)             in language append on input line 900.
Package babel Info: Redefining spanish shorthand "~
(babel)             in language append on input line 900.
Package babel Info: Redefining spanish shorthand "!
(babel)             in language append on input line 900.
Package babel Info: Redefining spanish shorthand "?
(babel)             in language append on input line 900.
 [18

]
<2.jpeg, id=299, 902.37125pt x 1604.99625pt>
File: 2.jpeg Graphic file (type jpg)
 <use 2.jpeg>
Package pdftex.def Info: 2.jpeg used on input line 906.
(pdftex.def)             Requested size: 135.34984pt x 240.73904pt.

<1.jpeg, id=300, 902.37125pt x 1604.99625pt>
File: 1.jpeg Graphic file (type jpg)
 <use 1.jpeg>
Package pdftex.def Info: 1.jpeg used on input line 913.
(pdftex.def)             Requested size: 135.34984pt x 240.73904pt.
Package babel Info: Redefining spanish shorthand <<
(babel)             in language append on input line 917.
Package babel Info: Redefining spanish shorthand >>
(babel)             in language append on input line 917.
Package babel Info: Redefining spanish shorthand "=
(babel)             in language append on input line 917.
Package babel Info: Redefining spanish shorthand "~
(babel)             in language append on input line 917.
Package babel Info: Redefining spanish shorthand "!
(babel)             in language append on input line 917.
Package babel Info: Redefining spanish shorthand "?
(babel)             in language append on input line 917.
Package babel Info: Redefining spanish shorthand <<
(babel)             in language append on input line 917.
Package babel Info: Redefining spanish shorthand >>
(babel)             in language append on input line 917.
Package babel Info: Redefining spanish shorthand "=
(babel)             in language append on input line 917.
Package babel Info: Redefining spanish shorthand "~
(babel)             in language append on input line 917.
Package babel Info: Redefining spanish shorthand "!
(babel)             in language append on input line 917.
Package babel Info: Redefining spanish shorthand "?
(babel)             in language append on input line 917.
 [19pdfTeX warning (ext4): destination with the same identifier (name{figure.13
}) has been already used, duplicate ignored

\AtBegShi@Output ...ipout \box \AtBeginShipoutBox 
                                                  \fi \fi 
l.917 
      pdfTeX warning (ext4): destination with the same identifier (name{figure.
14}) has been already used, duplicate ignored

\AtBegShi@Output ...ipout \box \AtBeginShipoutBox 
                                                  \fi \fi 
l.917 
       <./0.jpeg> <./2.jpeg>] <3.jpeg, id=307, 902.37125pt x 1604.99625pt>
File: 3.jpeg Graphic file (type jpg)

<use 3.jpeg>
Package pdftex.def Info: 3.jpeg used on input line 922.
(pdftex.def)             Requested size: 135.34984pt x 240.73904pt.
 <4.jpeg, id=308, 902.37125pt x 1604.99625pt>
File: 4.jpeg Graphic file (type jpg)
 <use 4.jpeg>
Package pdftex.def Info: 4.jpeg used on input line 929.
(pdftex.def)             Requested size: 135.34984pt x 240.73904pt.
Package babel Info: Redefining spanish shorthand <<
(babel)             in language append on input line 933.
Package babel Info: Redefining spanish shorthand >>
(babel)             in language append on input line 933.
Package babel Info: Redefining spanish shorthand "=
(babel)             in language append on input line 933.
Package babel Info: Redefining spanish shorthand "~
(babel)             in language append on input line 933.
Package babel Info: Redefining spanish shorthand "!
(babel)             in language append on input line 933.
Package babel Info: Redefining spanish shorthand "?
(babel)             in language append on input line 933.
Package babel Info: Redefining spanish shorthand <<
(babel)             in language append on input line 933.
Package babel Info: Redefining spanish shorthand >>
(babel)             in language append on input line 933.
Package babel Info: Redefining spanish shorthand "=
(babel)             in language append on input line 933.
Package babel Info: Redefining spanish shorthand "~
(babel)             in language append on input line 933.
Package babel Info: Redefining spanish shorthand "!
(babel)             in language append on input line 933.
Package babel Info: Redefining spanish shorthand "?
(babel)             in language append on input line 933.
 [20pdfTeX warning (ext4): destination with the same identifier (name{figure.15
}) has been already used, duplicate ignored

\AtBegShi@Output ...ipout \box \AtBeginShipoutBox 
                                                  \fi \fi 
l.933 
      pdfTeX warning (ext4): destination with the same identifier (name{figure.
16}) has been already used, duplicate ignored

\AtBegShi@Output ...ipout \box \AtBeginShipoutBox 
                                                  \fi \fi 
l.933 
       <./1.jpeg> <./3.jpeg>] <6.jpeg, id=315, 902.37125pt x 1604.99625pt>
File: 6.jpeg Graphic file (type jpg)

<use 6.jpeg>
Package pdftex.def Info: 6.jpeg used on input line 941.
(pdftex.def)             Requested size: 135.34984pt x 240.73904pt.
 <7.jpeg, id=316, 902.37125pt x 1604.99625pt>
File: 7.jpeg Graphic file (type jpg)
 <use 7.jpeg>
Package pdftex.def Info: 7.jpeg used on input line 948.
(pdftex.def)             Requested size: 135.34984pt x 240.73904pt.
Package babel Info: Redefining spanish shorthand <<
(babel)             in language append on input line 952.
Package babel Info: Redefining spanish shorthand >>
(babel)             in language append on input line 952.
Package babel Info: Redefining spanish shorthand "=
(babel)             in language append on input line 952.
Package babel Info: Redefining spanish shorthand "~
(babel)             in language append on input line 952.
Package babel Info: Redefining spanish shorthand "!
(babel)             in language append on input line 952.
Package babel Info: Redefining spanish shorthand "?
(babel)             in language append on input line 952.
Package babel Info: Redefining spanish shorthand <<
(babel)             in language append on input line 952.
Package babel Info: Redefining spanish shorthand >>
(babel)             in language append on input line 952.
Package babel Info: Redefining spanish shorthand "=
(babel)             in language append on input line 952.
Package babel Info: Redefining spanish shorthand "~
(babel)             in language append on input line 952.
Package babel Info: Redefining spanish shorthand "!
(babel)             in language append on input line 952.
Package babel Info: Redefining spanish shorthand "?
(babel)             in language append on input line 952.
 [21pdfTeX warning (ext4): destination with the same identifier (name{figure.17
}) has been already used, duplicate ignored

\AtBegShi@Output ...ipout \box \AtBeginShipoutBox 
                                                  \fi \fi 
l.952 
      pdfTeX warning (ext4): destination with the same identifier (name{figure.
18}) has been already used, duplicate ignored

\AtBegShi@Output ...ipout \box \AtBeginShipoutBox 
                                                  \fi \fi 
l.952 
       <./4.jpeg> <./6.jpeg>] <8.jpeg, id=323, 902.37125pt x 1604.99625pt>
File: 8.jpeg Graphic file (type jpg)

<use 8.jpeg>
Package pdftex.def Info: 8.jpeg used on input line 957.
(pdftex.def)             Requested size: 135.34984pt x 240.73904pt.
Package babel Info: Redefining spanish shorthand <<
(babel)             in language append on input line 965.
Package babel Info: Redefining spanish shorthand >>
(babel)             in language append on input line 965.
Package babel Info: Redefining spanish shorthand "=
(babel)             in language append on input line 965.
Package babel Info: Redefining spanish shorthand "~
(babel)             in language append on input line 965.
Package babel Info: Redefining spanish shorthand "!
(babel)             in language append on input line 965.
Package babel Info: Redefining spanish shorthand "?
(babel)             in language append on input line 965.
Package babel Info: Redefining spanish shorthand <<
(babel)             in language append on input line 965.
Package babel Info: Redefining spanish shorthand >>
(babel)             in language append on input line 965.
Package babel Info: Redefining spanish shorthand "=
(babel)             in language append on input line 965.
Package babel Info: Redefining spanish shorthand "~
(babel)             in language append on input line 965.
Package babel Info: Redefining spanish shorthand "!
(babel)             in language append on input line 965.
Package babel Info: Redefining spanish shorthand "?
(babel)             in language append on input line 965.
 [22pdfTeX warning (ext4): destination with the same identifier (name{figure.19
}) has been already used, duplicate ignored

\AtBegShi@Output ...ipout \box \AtBeginShipoutBox 
                                                  \fi \fi 
l.965 
      pdfTeX warning (ext4): destination with the same identifier (name{figure.
20}) has been already used, duplicate ignored

\AtBegShi@Output ...ipout \box \AtBeginShipoutBox 
                                                  \fi \fi 
l.965 
       <./7.jpeg> <./8.jpeg>]
Package babel Info: Redefining spanish shorthand <<
(babel)             in language append on input line 967.
Package babel Info: Redefining spanish shorthand >>
(babel)             in language append on input line 967.
Package babel Info: Redefining spanish shorthand "=
(babel)             in language append on input line 967.
Package babel Info: Redefining spanish shorthand "~
(babel)             in language append on input line 967.
Package babel Info: Redefining spanish shorthand "!
(babel)             in language append on input line 967.
Package babel Info: Redefining spanish shorthand "?
(babel)             in language append on input line 967.

Underfull \hbox (badness 10000) in paragraph at lines 968--969

 []


Underfull \hbox (badness 10000) in paragraph at lines 970--971

 []


Underfull \hbox (badness 10000) in paragraph at lines 972--973

 []

Package babel Info: Redefining spanish shorthand <<
(babel)             in language append on input line 988.
Package babel Info: Redefining spanish shorthand >>
(babel)             in language append on input line 988.
Package babel Info: Redefining spanish shorthand "=
(babel)             in language append on input line 988.
Package babel Info: Redefining spanish shorthand "~
(babel)             in language append on input line 988.
Package babel Info: Redefining spanish shorthand "!
(babel)             in language append on input line 988.
Package babel Info: Redefining spanish shorthand "?
(babel)             in language append on input line 988.
Package babel Info: Redefining spanish shorthand <<
(babel)             in language append on input line 988.
Package babel Info: Redefining spanish shorthand >>
(babel)             in language append on input line 988.
Package babel Info: Redefining spanish shorthand "=
(babel)             in language append on input line 988.
Package babel Info: Redefining spanish shorthand "~
(babel)             in language append on input line 988.
Package babel Info: Redefining spanish shorthand "!
(babel)             in language append on input line 988.
Package babel Info: Redefining spanish shorthand "?
(babel)             in language append on input line 988.
[23]
Package babel Info: Redefining spanish shorthand <<
(babel)             in language append on input line 990.
Package babel Info: Redefining spanish shorthand >>
(babel)             in language append on input line 990.
Package babel Info: Redefining spanish shorthand "=
(babel)             in language append on input line 990.
Package babel Info: Redefining spanish shorthand "~
(babel)             in language append on input line 990.
Package babel Info: Redefining spanish shorthand "!
(babel)             in language append on input line 990.
Package babel Info: Redefining spanish shorthand "?
(babel)             in language append on input line 990.

Underfull \hbox (badness 10000) in paragraph at lines 991--993

 []


Underfull \hbox (badness 10000) in paragraph at lines 994--995

 []


Underfull \hbox (badness 10000) in paragraph at lines 996--997

 []

Package babel Info: Redefining spanish shorthand <<
(babel)             in language append on input line 1000.
Package babel Info: Redefining spanish shorthand >>
(babel)             in language append on input line 1000.
Package babel Info: Redefining spanish shorthand "=
(babel)             in language append on input line 1000.
Package babel Info: Redefining spanish shorthand "~
(babel)             in language append on input line 1000.
Package babel Info: Redefining spanish shorthand "!
(babel)             in language append on input line 1000.
Package babel Info: Redefining spanish shorthand "?
(babel)             in language append on input line 1000.
Package babel Info: Redefining spanish shorthand <<
(babel)             in language append on input line 1000.
Package babel Info: Redefining spanish shorthand >>
(babel)             in language append on input line 1000.
Package babel Info: Redefining spanish shorthand "=
(babel)             in language append on input line 1000.
Package babel Info: Redefining spanish shorthand "~
(babel)             in language append on input line 1000.
Package babel Info: Redefining spanish shorthand "!
(babel)             in language append on input line 1000.
Package babel Info: Redefining spanish shorthand "?
(babel)             in language append on input line 1000.
[24

]
Package babel Info: Redefining spanish shorthand <<
(babel)             in language append on input line 1001.
Package babel Info: Redefining spanish shorthand >>
(babel)             in language append on input line 1001.
Package babel Info: Redefining spanish shorthand "=
(babel)             in language append on input line 1001.
Package babel Info: Redefining spanish shorthand "~
(babel)             in language append on input line 1001.
Package babel Info: Redefining spanish shorthand "!
(babel)             in language append on input line 1001.
Package babel Info: Redefining spanish shorthand "?
(babel)             in language append on input line 1001.
LaTeX Font Info:    Try loading font information for T1+cmtt on input line 1010
.
 (/usr/share/texlive/texmf-dist/tex/latex/base/t1cmtt.fd
File: t1cmtt.fd 2014/09/29 v2.5h Standard LaTeX font definitions
)
Underfull \hbox (badness 6428) in paragraph at lines 1020--1021
[]\T1/cmr/m/n/10 IBM Blue-mix, www.ibm.com. Con-sul-ta-do el 14 de Abril del 20
18. []$\T1/cmtt/m/n/10 https : / / www . ibm . com /
 []


Underfull \hbox (badness 1603) in paragraph at lines 1026--1027
[]\T1/cmr/m/n/10 Node-RED, www.nodered.org. Con-sul-ta-do el 16 de Abril del 20
18. []$\T1/cmtt/m/n/10 https : / / nodered . org / docs /
 []

Package babel Info: Redefining spanish shorthand <<
(babel)             in language append on input line 1040.
Package babel Info: Redefining spanish shorthand >>
(babel)             in language append on input line 1040.
Package babel Info: Redefining spanish shorthand "=
(babel)             in language append on input line 1040.
Package babel Info: Redefining spanish shorthand "~
(babel)             in language append on input line 1040.
Package babel Info: Redefining spanish shorthand "!
(babel)             in language append on input line 1040.
Package babel Info: Redefining spanish shorthand "?
(babel)             in language append on input line 1040.
Package babel Info: Redefining spanish shorthand <<
(babel)             in language append on input line 1040.
Package babel Info: Redefining spanish shorthand >>
(babel)             in language append on input line 1040.
Package babel Info: Redefining spanish shorthand "=
(babel)             in language append on input line 1040.
Package babel Info: Redefining spanish shorthand "~
(babel)             in language append on input line 1040.
Package babel Info: Redefining spanish shorthand "!
(babel)             in language append on input line 1040.
Package babel Info: Redefining spanish shorthand "?
(babel)             in language append on input line 1040.
[25

]
Package babel Info: Redefining spanish shorthand <<
(babel)             in language append on input line 1042.
Package babel Info: Redefining spanish shorthand >>
(babel)             in language append on input line 1042.
Package babel Info: Redefining spanish shorthand "=
(babel)             in language append on input line 1042.
Package babel Info: Redefining spanish shorthand "~
(babel)             in language append on input line 1042.
Package babel Info: Redefining spanish shorthand "!
(babel)             in language append on input line 1042.
Package babel Info: Redefining spanish shorthand "?
(babel)             in language append on input line 1042.
Package babel Info: Redefining spanish shorthand <<
(babel)             in language append on input line 1044.
Package babel Info: Redefining spanish shorthand >>
(babel)             in language append on input line 1044.
Package babel Info: Redefining spanish shorthand "=
(babel)             in language append on input line 1044.
Package babel Info: Redefining spanish shorthand "~
(babel)             in language append on input line 1044.
Package babel Info: Redefining spanish shorthand "!
(babel)             in language append on input line 1044.
Package babel Info: Redefining spanish shorthand "?
(babel)             in language append on input line 1044.

Overfull \hbox (4.66174pt too wide) in paragraph at lines 1054--1056
[]$\T1/cmtt/m/n/10 https : / / git . eu-[]gb . bluemix . net / HernanIndibil . 
LaCruz / Hackaton-[]Skyhold-[]Web / tree / master / DOCS$[] 
 []

Package atveryend Info: Empty hook `BeforeClearDocument' on input line 1073.
Package babel Info: Redefining spanish shorthand <<
(babel)             in language append on input line 1073.
Package babel Info: Redefining spanish shorthand >>
(babel)             in language append on input line 1073.
Package babel Info: Redefining spanish shorthand "=
(babel)             in language append on input line 1073.
Package babel Info: Redefining spanish shorthand "~
(babel)             in language append on input line 1073.
Package babel Info: Redefining spanish shorthand "!
(babel)             in language append on input line 1073.
Package babel Info: Redefining spanish shorthand "?
(babel)             in language append on input line 1073.
Package babel Info: Redefining spanish shorthand <<
(babel)             in language append on input line 1073.
Package babel Info: Redefining spanish shorthand >>
(babel)             in language append on input line 1073.
Package babel Info: Redefining spanish shorthand "=
(babel)             in language append on input line 1073.
Package babel Info: Redefining spanish shorthand "~
(babel)             in language append on input line 1073.
Package babel Info: Redefining spanish shorthand "!
(babel)             in language append on input line 1073.
Package babel Info: Redefining spanish shorthand "?
(babel)             in language append on input line 1073.
[26

]
Package atveryend Info: Empty hook `AfterLastShipout' on input line 1073.
 (./plantilla.aux
LaTeX Info: Redefining \. on input line 23.
LaTeX Info: Redefining \% on input line 23.
)
Package atveryend Info: Executing hook `AtVeryEndDocument' on input line 1073.
Package atveryend Info: Executing hook `AtEndAfterFileList' on input line 1073.

Package rerunfilecheck Info: File `plantilla.out' has not changed.
(rerunfilecheck)             Checksum: 82D9D436A2B1CBD7E51934FB1132CD4B;1899.
Package atveryend Info: Empty hook `AtVeryVeryEnd' on input line 1073.
 ) 
Here is how much of TeX's memory you used:
 9455 strings out of 494850
 131923 string characters out of 6178025
 238916 words of memory out of 5000000
 12463 multiletter control sequences out of 15000+600000
 12946 words of font info for 34 fonts, out of 8000000 for 9000
 62 hyphenation exceptions out of 8191
 41i,11n,43p,934b,481s stack positions out of 5000i,500n,10000p,200000b,80000s
 </home/zorniffler/.texmf-var/fonts/pk/ljfour/jknappen/ec/ectt1000.600pk> </h
ome/zorniffler/.texmf-var/fonts/pk/ljfour/jknappen/ec/tcrm1000.600pk> </home/zo
rniffler/.texmf-var/fonts/pk/ljfour/jknappen/ec/ecti1000.600pk> </home/zorniffl
er/.texmf-var/fonts/pk/ljfour/jknappen/ec/ecbx1440.600pk> </home/zorniffler/.te
xmf-var/fonts/pk/ljfour/jknappen/ec/ecrm1200.600pk> </home/zorniffler/.texmf-va
r/fonts/pk/ljfour/jknappen/ec/ecrm1000.600pk> </home/zorniffler/.texmf-var/font
s/pk/ljfour/jknappen/ec/ecbx1000.600pk> </home/zorniffler/.texmf-var/fonts/pk/l
jfour/jknappen/ec/ecbx1200.600pk></usr/share/texlive/texmf-dist/fonts/type1/pub
lic/amsfonts/cm/cmmi10.pfb></usr/share/texlive/texmf-dist/fonts/type1/public/am
sfonts/cm/cmr10.pfb></usr/share/texlive/texmf-dist/fonts/type1/public/amsfonts/
cm/cmsy10.pfb></usr/share/texlive/texmf-dist/fonts/type1/public/eurosym/feymr10
.pfb>
Output written on plantilla.pdf (28 pages, 1511360 bytes).
PDF statistics:
 803 PDF objects out of 1000 (max. 8388607)
 388 compressed objects within 4 object streams
 117 named destinations out of 1000 (max. 500000)
 337 words of extra memory for PDF output out of 10000 (max. 10000000)

